<?xml version="1.0" encoding="UTF-8"?>
<!-- Generated by org.testng.reporters.JUnitReportReporter -->
<testsuite hostname="LAPTOP-6H0FSJA9" failures="0" tests="1" name="Practice.Error_validations" time="5.947" errors="0" timestamp="2024-07-26T16:58:14 IST" skipped="0">
  <testcase classname="Practice.Error_validations" name="login_test" time="5.947"/>
</testsuite> <!-- Practice.Error_validations -->
